  View.cpp
C:\Users\80857\Desktop\LIanLIanKan\LianLianKan\LianLianKan\viewblock.h(33,7): error C3646: “act”: 未知重写说明符
C:\Users\80857\Desktop\LIanLIanKan\LianLianKan\LianLianKan\viewblock.h(33,10): error C2059: 语法错误:“(”
C:\Users\80857\Desktop\LIanLIanKan\LianLianKan\LianLianKan\viewblock.h(33,12): error C2238: 意外的标记位于“;”之前
  viewblock.cpp
C:\Users\80857\Desktop\LIanLIanKan\LianLianKan\LianLianKan\View.h(15,9): error C2065: “viewblock”: 未声明的标识符
C:\Users\80857\Desktop\LIanLIanKan\LianLianKan\LianLianKan\View.h(15,2): error C2923: “std::vector”: 对于参数“_Ty”，“viewblock”不是有效的 模板 类型变量
C:\Users\80857\Desktop\LIanLIanKan\LianLianKan\LianLianKan\View.h(15): message : 参见“viewblock”的声明
C:\Users\80857\Desktop\LIanLIanKan\LianLianKan\LianLianKan\View.h(15,2): error C2976: “std::vector”: 模板 参数太少
D:\VS\IDE\VC\Tools\MSVC\14.29.30133\include\vector(430): message : 参见“std::vector”的声明
C:\Users\80857\Desktop\LIanLIanKan\LianLianKan\LianLianKan\View.h(16,9): error C2065: “button”: 未声明的标识符
C:\Users\80857\Desktop\LIanLIanKan\LianLianKan\LianLianKan\View.h(16,2): error C2923: “std::vector”: 对于参数“_Ty”，“button”不是有效的 模板 类型变量
C:\Users\80857\Desktop\LIanLIanKan\LianLianKan\LianLianKan\View.h(16): message : 参见“button”的声明
C:\Users\80857\Desktop\LIanLIanKan\LianLianKan\LianLianKan\View.h(16,2): error C2976: “std::vector”: 模板 参数太少
D:\VS\IDE\VC\Tools\MSVC\14.29.30133\include\vector(430): message : 参见“std::vector”的声明
C:\Users\80857\Desktop\LIanLIanKan\LianLianKan\LianLianKan\View.h(17,15): error C2061: 语法错误: 标识符“viewblock”
C:\Users\80857\Desktop\LIanLIanKan\LianLianKan\LianLianKan\View.h(18,18): error C2061: 语法错误: 标识符“button”
C:\Users\80857\Desktop\LIanLIanKan\LianLianKan\LianLianKan\View.h(20,14): error C2065: “viewblock”: 未声明的标识符
C:\Users\80857\Desktop\LIanLIanKan\LianLianKan\LianLianKan\View.h(20,7): error C2923: “std::vector”: 对于参数“_Ty”，“viewblock”不是有效的 模板 类型变量
C:\Users\80857\Desktop\LIanLIanKan\LianLianKan\LianLianKan\View.h(20): message : 参见“viewblock”的声明
C:\Users\80857\Desktop\LIanLIanKan\LianLianKan\LianLianKan\View.h(20,7): error C2976: “std::vector”: 模板 参数太少
D:\VS\IDE\VC\Tools\MSVC\14.29.30133\include\vector(430): message : 参见“std::vector”的声明
C:\Users\80857\Desktop\LIanLIanKan\LianLianKan\LianLianKan\View.h(20,35): error C2065: “button”: 未声明的标识符
C:\Users\80857\Desktop\LIanLIanKan\LianLianKan\LianLianKan\View.h(20,28): error C2923: “std::vector”: 对于参数“_Ty”，“button”不是有效的 模板 类型变量
C:\Users\80857\Desktop\LIanLIanKan\LianLianKan\LianLianKan\View.h(20): message : 参见“button”的声明
C:\Users\80857\Desktop\LIanLIanKan\LianLianKan\LianLianKan\View.h(20,28): error C2976: “std::vector”: 模板 参数太少
D:\VS\IDE\VC\Tools\MSVC\14.29.30133\include\vector(430): message : 参见“std::vector”的声明
C:\Users\80857\Desktop\LIanLIanKan\LianLianKan\LianLianKan\viewblock.cpp(29,25): error C2665: “loadimage”: 2 个重载中没有一个可以转换所有参数类型
D:\VS\IDE\VC\Auxiliary\VS\include\easyx.h(259,6): message : 可能是“void loadimage(IMAGE *,LPCTSTR,LPCTSTR,int,int,bool)”
D:\VS\IDE\VC\Auxiliary\VS\include\easyx.h(258,6): message : 或    “void loadimage(IMAGE *,LPCTSTR,int,int,bool)”
C:\Users\80857\Desktop\LIanLIanKan\LianLianKan\LianLianKan\viewblock.cpp(29,25): message : 尝试匹配参数列表“(IMAGE *, char [20], int, int)”时
C:\Users\80857\Desktop\LIanLIanKan\LianLianKan\LianLianKan\viewblock.cpp(56,22): error C2440: “<function-style-cast>”: 无法从“initializer list”转换为“View”
C:\Users\80857\Desktop\LIanLIanKan\LianLianKan\LianLianKan\viewblock.cpp(56,22): message : 无构造函数可以接受源类型，或构造函数重载决策不明确
  正在生成代码...
